"../../../../../../Galactick/Content/Asset/Audio/EnemyShot/Explosion2.uasset" 0
"../../../../../../Galactick/Content/Asset/Audio/EnemyShot/Explosion3.uasset" 1
"../../../../../../Galactick/Content/Asset/Audio/PlayerShot/Laser_Shoot7.uasset" 2
"../../../../../../Galactick/Content/Asset/Audio/PlayerShot/Shut_Down2.uasset" 3
"../../../../../../Galactick/Content/Asset/Audio/PlayerShot/PlayerShotCue.uasset" 4
"../../../../../../Galactick/Content/Asset/Materials/M_Pixel_Cube.uasset" 5
"../../../../../../Galactick/Content/Asset/Materials/M_Pixel_Cube_Blue_Inst.uasset" 6
"../../../../../../Galactick/Content/Asset/Textures/T_Space.uasset" 7
"../../../../../../Galactick/Content/Asset/Materials/T_Space_Mat.uasset" 8
"../../../../../../Galactick/Content/Asset/Materials/Flat/M_FLat.uasset" 9
"../../../../../../Galactick/Content/Asset/Materials/Flat/M_FLat_InstBG.uasset" 10
"../../../../../../Galactick/Content/Asset/Materials/M_Pixel_Cube_Particle.uasset" 11
"../../../../../../Galactick/Content/Asset/Materials/M_Radial_Gradient.uasset" 12
"../../../Engine/Content/EngineMaterials/DefaultDiffuse.uasset" 13
"../../../Engine/Content/EngineMaterials/EmissiveTexturedMaterial.uasset" 14
"../../../Engine/Content/EngineMeshes/ParticleCube.uasset" 15
"../../../../../../Galactick/Content/Asset/Particles/P_Pixel_Engine.uasset" 16
"../../../Engine/Content/EditorBlueprintResources/StandardMacros.uasset" 17
"../../../../../../Galactick/Content/Blueprint/BP_CamSnake.uasset" 18
"../../../../../../Galactick/Content/Blueprint/BP_CamSnakeSmall.uasset" 19
"../../../../../../Galactick/Content/Asset/Materials/Glow/M_Glow.uasset" 20
"../../../../../../Galactick/Content/Asset/Materials/Glow/M_Glow_Inst.uasset" 21
"../../../../../../Galactick/Content/Asset/Meshes/SM_Pixel_Cube.uasset" 22
"../../../../../../Galactick/Content/Asset/Textures/T_sunflare.uasset" 23
"../../../../../../Galactick/Content/Asset/Materials/m_flare_03.uasset" 24
"../../../../../../Galactick/Content/Asset/Particles/P_Pixel_Explosion.uasset" 25
"../../../../../../Galactick/Content/Blueprint/BP_Project-Base.uasset" 26
"../../../../../../Galactick/Content/Blueprint/BP_Project_Primary.uasset" 27
"../../../../../../Galactick/Content/Blueprint/BP_Project_Secondary.uasset" 28
"../../../../../../Galactick/Content/Asset/Audio/Explodion/Explosion2.uasset" 29
"../../../../../../Galactick/Content/Asset/Audio/Explodion/Explosion3.uasset" 30
"../../../../../../Galactick/Content/Asset/Audio/Explodion/Explosion4.uasset" 31
"../../../../../../Galactick/Content/Asset/Audio/Explodion/Explosion5.uasset" 32
"../../../../../../Galactick/Content/Asset/Audio/Explodion/Explosion6.uasset" 33
"../../../../../../Galactick/Content/Asset/Audio/Explodion/ExplosionCue.uasset" 34
"../../../../../../Galactick/Content/Asset/Materials/Glow/Glow_Player.uasset" 35
"../../../../../../Galactick/Content/Asset/Materials/Glow/Glow_PlayerBody.uasset" 36
"../../../../../../Galactick/Content/Asset/Meshes/SM_Pixel_Player.uasset" 37
"../../../../../../Galactick/Content/Blueprint/Players/BP_Player.uasset" 38
"../../../../../../Galactick/Content/Asset/HUD/BPW_GameOver.uasset" 39
"../../../../../../Galactick/Content/Asset/HUD/BPW_HUD.uasset" 40
"../../../../../../Galactick/Content/Blueprint/BP_GameMode.uasset" 41
"../../../../../../Galactick/Content/Blueprint/BP_Project_EnemyBAse.uasset" 42
"../../../../../../Galactick/Content/Blueprint/BP_Project_EnemyBAse_One.uasset" 43
"../../../../../../Galactick/Content/Asset/Audio/EnemyShot/Laser_Shoot1.uasset" 44
"../../../../../../Galactick/Content/Asset/Audio/EnemyShot/Laser_Shoot2.uasset" 45
"../../../../../../Galactick/Content/Asset/Audio/EnemyShot/Laser_Shoot3.uasset" 46
"../../../../../../Galactick/Content/Asset/Audio/EnemyShot/Laser_Shoot5.uasset" 47
"../../../../../../Galactick/Content/Asset/Audio/EnemyShot/EnemyShotCue.uasset" 48
"../../../../../../Galactick/Content/Asset/Particles/P_Pixel_Explosion_Player.uasset" 49
"../../../../../../Galactick/Content/Blueprint/Enemies/BP_EnemyBase.uasset" 50
"../../../../../../Galactick/Content/Asset/Materials/M_Pixel_Cube_Enemy_Inst.uasset" 51
"../../../../../../Galactick/Content/Asset/Materials/M_Pixel_Cube_Enemy_2_Inst.uasset" 52
"../../../../../../Galactick/Content/Asset/Meshes/SM_Pixel_Enemy_1.uasset" 53
"../../../../../../Galactick/Content/Blueprint/Enemies/BP_EnemyBase_One.uasset" 54
"../../../../../../Galactick/Content/Blueprint/BP_Project_EnemyBAse_Two.uasset" 55
"../../../../../../Galactick/Content/Asset/Materials/Glow/M_Glow_Inst_Inst2.uasset" 56
"../../../../../../Galactick/Content/Blueprint/Enemies/BP_EnemyBase_Two.uasset" 57
"../../../../../../Galactick/Content/Blueprint/Enemies/BP_EnemySpawner.uasset" 58
"../../../Engine/Content/Functions/Engine_MaterialFunctions01/Opacity/CameraDepthFade.uasset" 59
"../../../Engine/Content/EngineMaterials/T_Default_Material_Grid_M.uasset" 60
"../../../Engine/Content/EngineMaterials/T_Default_Material_Grid_N.uasset" 61
"../../../Engine/Content/EngineMaterials/WorldGridMaterial.uasset" 62
"../../../Engine/Content/ArtTools/RenderToTexture/Meshes/S_1_Unit_Plane.uasset" 63
"../../../Engine/Content/EngineMaterials/DefaultMaterial.uasset" 64
"../../../Engine/Content/BasicShapes/Cone.uasset" 65
"../../../Engine/Content/BasicShapes/Cylinder.uasset" 66
"../../../Engine/Content/BasicShapes/Plane.uasset" 67
"../../../Engine/Content/BasicShapes/Sphere.uasset" 68
"../../../Engine/Content/EditorLandscapeResources/DataLayer.uasset" 69
"../../../Engine/Content/EditorLandscapeResources/DefaultAlphaTexture.uasset" 70
"../../../Engine/Content/EditorMaterials/GizmoMaterial.uasset" 71
"../../../Engine/Content/EditorMaterials/MAT_Groups_Toggle.uasset" 72
"../../../Engine/Content/EditorMaterials/MAT_Groups_Visibility.uasset" 73
"../../../Engine/Content/EditorMaterials/PreviewShadowIndicator.uasset" 74
"../../../Engine/Content/EditorMaterials/PreviewShadowIndicatorMaterial.uasset" 75
"../../../Engine/Content/EditorMaterials/MatineeGroups/MAT_ColorTrack.uasset" 76
"../../../Engine/Content/EditorMaterials/MatineeGroups/MAT_Groups_Anim.uasset" 77
"../../../Engine/Content/EditorMaterials/MatineeGroups/MAT_Groups_AudioMaster.uasset" 78
"../../../Engine/Content/EditorMaterials/MatineeGroups/MAT_Groups_Director.uasset" 79
"../../../Engine/Content/EditorMaterials/MatineeGroups/MAT_Groups_Event.uasset" 80
"../../../Engine/Content/EditorMaterials/MatineeGroups/MAT_Groups_Fade.uasset" 81
"../../../Engine/Content/EditorMaterials/MatineeGroups/MAT_Groups_Float.uasset" 82
"../../../Engine/Content/EditorMaterials/MatineeGroups/MAT_Groups_Move.uasset" 83
"../../../Engine/Content/EditorMaterials/MatineeGroups/MAT_Groups_Slomo.uasset" 84
"../../../Engine/Content/EditorMaterials/MatineeGroups/MAT_Groups_Sound.uasset" 85
"../../../Engine/Content/EditorMaterials/MatineeGroups/MAT_Groups_Vector.uasset" 86
"../../../Engine/Content/EditorMaterials/ParticleSystems/PSysThumbnail_NoImage.uasset" 87
"../../../Engine/Content/EditorMaterials/ParticleSystems/PSysThumbnail_OOD.uasset" 88
"../../../Engine/Content/EditorMaterials/Camera/CineMat.uasset" 89
"../../../Engine/Content/EditorMaterials/Camera/MI_CineMat_Rig.uasset" 90
"../../../Engine/Content/EditorMeshes/Camera/SM_CraneRig_Arm.uasset" 91
"../../../Engine/Content/EditorMeshes/Camera/SM_CraneRig_Base.uasset" 92
"../../../Engine/Content/EditorMeshes/Camera/SM_CraneRig_Body.uasset" 93
"../../../Engine/Content/EditorMeshes/Camera/SM_CraneRig_Mount.uasset" 94
"../../../Engine/Content/EditorMeshes/Camera/SM_RailRig_Mount.uasset" 95
"../../../Engine/Content/EditorMeshes/Camera/SM_RailRig_Track.uasset" 96
"../../../Engine/Content/EditorResources/BSPVertex.uasset" 97
"../../../Engine/Content/EditorResources/EmptyActor.uasset" 98
"../../../Engine/Content/EditorResources/S_Actor.uasset" 99
"../../../Engine/Content/EditorResources/S_Terrain.uasset" 100
"../../../Engine/Content/EditorResources/S_Trigger.uasset" 101
"../../../Engine/Content/EditorResources/LightIcons/S_LightError.uasset" 102
"../../../Engine/Content/EditorResources/SequenceRecorder/Countdown.uasset" 103
"../../../Engine/Content/EditorResources/SequenceRecorder/RecordingIndicator.uasset" 104
"../../../Engine/Content/EditorSounds/Notifications/CompileFailed.uasset" 105
"../../../Engine/Content/EditorSounds/Notifications/CompileFailed_Cue.uasset" 106
"../../../Engine/Content/EditorSounds/Notifications/CompileSuccess.uasset" 107
"../../../Engine/Content/EditorSounds/Notifications/CompileStart_Cue.uasset" 108
"../../../Engine/Content/EditorSounds/Notifications/CompileSuccess_Cue.uasset" 109
"../../../Engine/Content/EngineDamageTypes/DmgTypeBP_Environmental.uasset" 110
"../../../Engine/Content/EngineDebugMaterials/HeatmapGradient.uasset" 111
"../../../Engine/Content/EngineDebugMaterials/BoneWeightMaterial.uasset" 112
"../../../Engine/Content/EngineDebugMaterials/ClothMaterial.uasset" 113
"../../../Engine/Content/EngineDebugMaterials/ClothMaterial_WF.uasset" 114
"../../../Engine/Content/EngineDebugMaterials/DebugEditorMaterial.uasset" 115
"../../../Engine/Content/EngineDebugMaterials/DebugMeshMaterial.uasset" 116
"../../../Engine/Content/EngineDebugMaterials/GeomMaterial.uasset" 117
"../../../Engine/Content/EngineDebugMaterials/M_SimpleTranslucent.uasset" 118
"../../../Engine/Content/EngineFonts/Faces/RobotoBold.uasset" 119
"../../../Engine/Content/EngineFonts/Faces/RobotoBoldItalic.uasset" 120
"../../../Engine/Content/EngineFonts/Faces/RobotoItalic.uasset" 121
"../../../Engine/Content/EngineFonts/Faces/RobotoLight.uasset" 122
"../../../Engine/Content/EngineFonts/Faces/RobotoRegular.uasset" 123
"../../../Engine/Content/EngineFonts/Roboto.uasset" 124
"../../../Engine/Content/EngineFonts/Faces/RobotoTiny.uasset" 125
"../../../Engine/Content/EngineFonts/RobotoTiny.uasset" 126
"../../../Engine/Content/EngineMaterials/BaseFlattenDiffuseMap.uasset" 127
"../../../Engine/Content/EngineMaterials/BaseFlattenEmissiveMap.uasset" 128
"../../../Engine/Content/EngineMaterials/BaseFlattenGrayscaleMap.uasset" 129
"../../../Engine/Content/EngineMaterials/BaseFlattenNormalMap.uasset" 130
"../../../Engine/Content/EngineMaterials/BaseFlattenMaterial.uasset" 131
"../../../Engine/Content/EngineMaterials/DefaultBloomKernel.uasset" 132
"../../../Engine/Content/EngineMaterials/DefaultBokeh.uasset" 133
"../../../Engine/Content/EngineMaterials/DefaultDeferredDecalMaterial.uasset" 134
"../../../Engine/Content/EngineMaterials/DefaultLightFunctionMaterial.uasset" 135
"../../../Engine/Content/EngineMaterials/DefaultPhysicalMaterial.uasset" 136
"../../../Engine/Content/Functions/Engine_MaterialFunctions02/Utility/BreakOutFloat2Components.uasset" 137
"../../../Engine/Content/EngineMaterials/DefaultPostProcessMaterial.uasset" 138
"../../../Engine/Content/EngineFonts/RobotoDistanceField.uasset" 139
"../../../Engine/Content/EngineMaterials/DefaultTextMaterialOpaque.uasset" 140
"../../../Engine/Content/EngineMaterials/DefaultWhiteGrid.uasset" 141
"../../../Engine/Content/EngineMaterials/EditorBrushMaterial.uasset" 142
"../../../Engine/Content/EngineMaterials/Good64x64TilingNoiseHighFreq.uasset" 143
"../../../Engine/Content/EngineMaterials/MiniFont.uasset" 144
"../../../Engine/Content/EngineMaterials/InvalidLightmapSettings.uasset" 145
"../../../Engine/Content/EngineMaterials/M_InvalidLightmapSettings.uasset" 146
"../../../Engine/Content/Functions/Engine_MaterialFunctions02/WorldPositionOffset/CameraOffset.uasset" 147
"../../../Engine/Content/EngineMaterials/PhAT_JointLimitMaterial.uasset" 148
"../../../Engine/Content/EngineMaterials/PreintegratedSkinBRDF.uasset" 149
"../../../Engine/Content/EngineMaterials/RemoveSurfaceMaterial.uasset" 150
"../../../Engine/Content/EngineMaterials/WeightMapPlaceholderTexture.uasset" 151
"../../../Engine/Content/EngineResources/WhiteSquareTexture.uasset" 152
"../../../Engine/Content/EngineMaterials/Widget3DPassThrough.uasset" 153
"../../../Engine/Content/EngineMaterials/Widget3DPassThrough_Masked.uasset" 154
"../../../Engine/Content/EngineMaterials/Widget3DPassThrough_Opaque.uasset" 155
"../../../Engine/Content/EngineMaterials/Widget3DPassThrough_Masked_OneSided.uasset" 156
"../../../Engine/Content/EngineMaterials/Widget3DPassThrough_Opaque_OneSided.uasset" 157
"../../../Engine/Content/EngineMaterials/Widget3DPassThrough_Translucent.uasset" 158
"../../../Engine/Content/EngineMaterials/Widget3DPassThrough_Translucent_OneSided.uasset" 159
"../../../Engine/Content/EngineMeshes/Cylinder.uasset" 160
"../../../Engine/Content/EngineMeshes/Sphere.uasset" 161
"../../../Engine/Content/EngineResources/Black.uasset" 162
"../../../Engine/Content/EngineResources/DefaultTexture.uasset" 163
"../../../Engine/Content/EngineResources/DefaultTextureCube.uasset" 164
"../../../Engine/Content/EngineResources/DefaultVolumeTexture2D.uasset" 165
"../../../Engine/Content/EngineResources/DefaultVolumeTexture.uasset" 166
"../../../Engine/Content/EngineResources/GradientTexture0.uasset" 167
"../../../Engine/Content/EngineSounds/Master.uasset" 168
"../../../Engine/Content/Functions/Engine_MaterialFunctions01/Shading/ConvertFromDiffSpec.uasset" 169
"../../../Engine/Content/Functions/Engine_MaterialFunctions01/Shading/PowerToRoughness.uasset" 170
"../../../Engine/Content/Maps/Templates/Thumbnails/Default.uasset" 171
"../../../Engine/Content/Maps/Templates/Thumbnails/VR-Basic.uasset" 172
"../../../Engine/Content/MobileResources/T_MobileControls_texture.uasset" 173
"../../../Engine/Content/MobileResources/T_MobileMenu2.uasset" 174
"../../../Engine/Content/MobileResources/HUD/AnalogHat.uasset" 175
"../../../Engine/Content/MobileResources/HUD/VirtualJoystick_Background.uasset" 176
"../../../Engine/Content/MobileResources/HUD/VirtualJoystick_Thumb.uasset" 177
"../../../Engine/Content/MobileResources/HUD/DefaultVirtualJoysticks.uasset" 178
"../../../Engine/Content/MobileResources/HUD/LeftVirtualJoystickOnly.uasset" 179
"../../../Engine/Content/MobileResources/HUD/MobileHUDButton1_off.uasset" 180
"../../../Engine/Content/MobileResources/HUD/MobileHUDButton1_on.uasset" 181
"../../../Engine/Content/MobileResources/HUD/MobileHUDButton2_off.uasset" 182
"../../../Engine/Content/MobileResources/HUD/MobileHUDButton2_on.uasset" 183
"../../../Engine/Content/MobileResources/HUD/MobileHUDButton3.uasset" 184
"../../../Engine/Content/MobileResources/HUD/MobileHUDButtonFire.uasset" 185
"../../../Engine/Content/MobileResources/HUD/MobileHUDDirectionPad.uasset" 186
"../../../Engine/Content/MobileResources/HUD/MobileHUDDirectionPad2.uasset" 187
"../../../Engine/Content/MobileResources/HUD/MobileHUDDirectionPad3.uasset" 188
"../../../Engine/Content/MobileResources/HUD/MobileHUDDirectionStick.uasset" 189
"../../../Engine/Content/MobileResources/HUD/T_Castle_ThumbstickInner.uasset" 190
"../../../Engine/Content/MobileResources/HUD/T_Castle_ThumbstickOutter.uasset" 191
"../../../Engine/Content/Tutorial/ContentIntroCurve.uasset" 192
"../../../Engine/Content/VREditor/LaserPointer/VR_LaserPower_01.uasset" 193
"../../../Engine/Content/VREditor/TransformGizmo/TransformGizmoMaterial.uasset" 194
"../../../Engine/Content/VREditor/TransformGizmo/TranslucentTransformGizmoMaterial.uasset" 195
"../../../Engine/Content/VREditor/TransformGizmo/BoundingBoxCorner.uasset" 196
"../../../Engine/Content/VREditor/TransformGizmo/BoundingBoxEdge.uasset" 197
"../../../Engine/Content/VREditor/TransformGizmo/PlaneTranslationHandle.uasset" 198
"../../../Engine/Content/VREditor/TransformGizmo/Main.uasset" 199
"../../../Engine/Content/VREditor/TransformGizmo/Xray.uasset" 200
"../../../Engine/Content/VREditor/TransformGizmo/SM_Sequencer_Key.uasset" 201
"../../../Engine/Content/VREditor/TransformGizmo/SM_Sequencer_Node.uasset" 202
"../../Plugins/2D/Paper2D/Content/PlaceholderTextures/DummySpriteTexture.uasset" 203
"../../Plugins/2D/Paper2D/Content/DummySprite.uasset" 204
"../../Plugins/2D/Paper2D/Content/DefaultPaperTerrainMaterial.uasset" 205
"../../Plugins/2D/Paper2D/Content/DefaultSpriteMaterial.uasset" 206
"../../Plugins/2D/Paper2D/Content/MaskedUnlitSpriteMaterial.uasset" 207
"../../Plugins/2D/Paper2D/Content/OpaqueUnlitSpriteMaterial.uasset" 208
"../../../Engine/Content/Functions/Engine_MaterialFunctions01/Texturing/FlattenNormal.uasset" 209
"../../../Engine/Content/EngineMaterials/FlatNormal.uasset" 210
"../../Plugins/Enterprise/DatasmithContent/Content/Materials/CE_BaseMaster.uasset" 211
"../../Plugins/Enterprise/DatasmithContent/Content/Materials/CE_OpacityMaster.uasset" 212
"../../Plugins/Enterprise/DatasmithContent/Content/Materials/CE_OpacitySimpleMaster.uasset" 213
"../../Plugins/Enterprise/DatasmithContent/Content/Materials/CE_OpaqueMaster.uasset" 214
"../../../Engine/Content/Functions/Engine_MaterialFunctions01/Texturing/ComputeMipLevel.uasset" 215
"../../../Engine/Content/Functions/Engine_MaterialFunctions01/Texturing/TextureCropping.uasset" 216
"../../../Engine/Content/Functions/Engine_MaterialFunctions02/Utility/BreakOutFloat3Components.uasset" 217
"../../../Engine/Content/Functions/Engine_MaterialFunctions02/ExampleContent/DebugNumberStrip.uasset" 218
"../../../Engine/Content/Functions/Engine_MaterialFunctions02/ExampleContent/Textures/DebugNumberPeriod.uasset" 219
"../../../Engine/Content/Functions/Engine_MaterialFunctions02/Utility/DebugScalarValues.uasset" 220
"../../../Engine/Content/Functions/Engine_MaterialFunctions02/Utility/DebugFloat3Values.uasset" 221
"../../../Engine/Content/Functions/Engine_MaterialFunctions02/Utility/MakeFloat3.uasset" 222
"../../../Engine/Content/Functions/Engine_MaterialFunctions02/Math/RGBtoHSV.uasset" 223
"../../../Engine/Content/Functions/Engine_MaterialFunctions02/Utility/BreakOutFloat4Components.uasset" 224
"../../../Engine/Content/Functions/Engine_MaterialFunctions02/Utility/DebugFloat4Values.uasset" 225
"../../Plugins/Enterprise/DatasmithContent/Content/Materials/Datasmith_Color.uasset" 226
"../../../Engine/Content/Functions/Engine_MaterialFunctions02/ExampleContent/Textures/flipbook.uasset" 227
"../../Plugins/Enterprise/DatasmithContent/Content/Materials/ExtractColor.uasset" 228
"../../Plugins/Enterprise/DatasmithContent/Content/Materials/TileMirrorAxis.uasset" 229
"../../../Engine/Content/Functions/Engine_MaterialFunctions02/Texturing/CustomRotator.uasset" 230
"../../Plugins/Enterprise/DatasmithContent/Content/Materials/UVEdit.uasset" 231
"../../Plugins/Enterprise/DatasmithContent/Content/Materials/Datasmith_Material.uasset" 232
"../../../Engine/Content/Functions/Engine_MaterialFunctions03/Procedurals/NormalFromHeightmap.uasset" 233
"../../../Engine/Content/ArtTools/RenderToTexture/Textures/127grey.uasset" 234
"../../Plugins/Enterprise/DatasmithContent/Content/Materials/RevitMaster.uasset" 235
"../../Plugins/Enterprise/DatasmithContent/Content/Materials/SketchUpMaster.uasset" 236
"../../Plugins/Enterprise/DatasmithContent/Content/Materials/FBXImporter/DeltaGenUVEdit.uasset" 237
"../../Plugins/Enterprise/DatasmithContent/Content/Materials/FBXImporter/DeltaGenBase.uasset" 238
"../../../Engine/Content/EngineMaterials/T_Default_Normal.uasset" 239
"../../Plugins/Enterprise/DatasmithContent/Content/Materials/FBXImporter/DeltaGenMaster.uasset" 240
"../../Plugins/Enterprise/DatasmithContent/Content/Materials/FBXImporter/DeltaGenMasterTransparent.uasset" 241
"../../Plugins/Enterprise/DatasmithContent/Content/Materials/FBXImporter/VREDUVEdit.uasset" 242
"../../Plugins/Enterprise/DatasmithContent/Content/Materials/FBXImporter/VREDBase.uasset" 243
"../../Plugins/Enterprise/DatasmithContent/Content/Materials/FBXImporter/VREDMaster.uasset" 244
"../../Plugins/Enterprise/DatasmithContent/Content/Materials/FBXImporter/VREDMasterTransparent.uasset" 245
"../../Plugins/Runtime/Oculus/OculusVR/Content/Materials/PokeAHoleMaterial.uasset" 246
"../../Plugins/Runtime/Oculus/OculusVR/Content/Textures/GearVRController_AO.uasset" 247
"../../Plugins/Runtime/Oculus/OculusVR/Content/Textures/GearVRController_Color.uasset" 248
"../../Plugins/Runtime/Oculus/OculusVR/Content/Textures/GearVRController_Normal.uasset" 249
"../../Plugins/Runtime/Oculus/OculusVR/Content/Materials/GearVRControllerMaterial.uasset" 250
"../../Plugins/Runtime/Oculus/OculusVR/Content/Meshes/GearVrController.uasset" 251
"../../Plugins/Runtime/Oculus/OculusVR/Content/Textures/touchController_albedo.uasset" 252
"../../Plugins/Runtime/Oculus/OculusVR/Content/Textures/touchController_controlmap.uasset" 253
"../../Plugins/Runtime/Oculus/OculusVR/Content/Materials/touchController_mat.uasset" 254
"../../Plugins/Runtime/Oculus/OculusVR/Content/Meshes/LeftTouchController.uasset" 255
"../../Plugins/Runtime/Oculus/OculusVR/Content/Meshes/RiftHMD.uasset" 256
"../../Plugins/Runtime/Oculus/OculusVR/Content/Meshes/RightTouchController.uasset" 257
"../../../Enterprise/Plugins/Editor/StaticMeshEditorExtension/Content/HoveredFaceMaterial.uasset" 258
"../../../Enterprise/Plugins/Editor/StaticMeshEditorExtension/Content/HoveredGeometryMaterial.uasset" 259
"../../../Enterprise/Plugins/Editor/StaticMeshEditorExtension/Content/WireWorldOffset.uasset" 260
"../../../Enterprise/Plugins/Editor/StaticMeshEditorExtension/Content/OverlayLineMaterial.uasset" 261
"../../../Enterprise/Plugins/Editor/StaticMeshEditorExtension/Content/OverlayPointMaterial.uasset" 262
"../../../Enterprise/Plugins/Editor/StaticMeshEditorExtension/Content/WireMaterial.uasset" 263
"../../../Enterprise/Plugins/Editor/StaticMeshEditorExtension/Content/WireMaterialBaseCage.uasset" 264
"../../../../../../Galactick/Content/Asset/HUD/BPW_Start.uasset" 265
"../../../../../../Galactick/Content/Blueprint/BP_GameMode_Angar.uasset" 266
"../../../../../../Galactick/Content/Blueprint/Players/BP_PlayerAngar.uasset" 267
"../../../Engine/Content/EditorLandscapeResources/GizmoTexture.uasset" 268
"../../../../../../Galactick/Content/Asset/Materials/M_Space_Background.uasset" 269
"../../../../../../Galactick/Content/Maps/Angar.umap" 270
"../../../../../../Galactick/Content/Blueprint/Enemies/BP_EnemyBase_Acteroid.uasset" 271
"../../../../../../Galactick/Content/Blueprint/Enemies/EnemySpawnerFix.uasset" 272
"../../../../../../Galactick/Content/Asset/Textures/BG.uasset" 273
"../../../../../../Galactick/Content/Asset/Textures/M_BG.uasset" 274
"../../../../../../Galactick/Content/Asset/Materials/Flat/M_FLat_InstWAAls.uasset" 275
"../../../Engine/Content/BasicShapes/Cube.uasset" 276
"../../../../../../Galactick/Content/Asset/Audio/Phone/Phone.uasset" 277
"../../../../../../Galactick/Content/Maps/Main.umap" 278
"../../../Engine/Content/Maps/Entry_BuiltData.uasset" 279
"../../../Engine/Content/Maps/Entry.umap" 280
